[21:44:19] === VM BENCHMARK START ===
[21:44:19] Threads: 3 | Environment: VirtualBox guest
[21:44:19] --- System Snapshot ---
Architecture:                            x86_64
CPU op-mode(s):                          32-bit, 64-bit
Address sizes:                           39 bits physical, 48 bits virtual
Byte Order:                              Little Endian
CPU(s):                                  3
On-line CPU(s) list:                     0-2
Vendor ID:                               GenuineIntel
Model name:                              Intel(R) Core(TM) i5-1035G1 CPU @ 1.00GHz
BIOS Model name:                           CPU @ 0.0GHz
BIOS CPU family:                         0
CPU family:                              6
Model:                                   126
Thread(s) per core:                      1
Core(s) per socket:                      3
Socket(s):                               1
Stepping:                                5
BogoMIPS:                                2380.79
Flags:                                   fpu vme de pse tsc msr pae mce cx8 apic sep mtrr pge mca cmov pat pse36 clflush mmx fxsr sse sse2 ht syscall nx rdtscp lm constant_tsc rep_good nopl xtopology nonstop_tsc cpuid tsc_known_freq pni pclmulqdq ssse3 fma cx16 pcid sse4_1 sse4_2 x2apic movbe popcnt aes xsave avx f16c rdrand hypervisor lahf_lm abm 3dnowprefetch pti fsgsbase bmi1 avx2 bmi2 invpcid rdseed adx clflushopt sha_ni arat md_clear flush_l1d arch_capabilities
Hypervisor vendor:                       KVM
Virtualization type:                     full
L1d cache:                               144 KiB (3 instances)
L1i cache:                               96 KiB (3 instances)
L2 cache:                                1.5 MiB (3 instances)
L3 cache:                                18 MiB (3 instances)
NUMA node(s):                            1
NUMA node0 CPU(s):                       0-2
Vulnerability Gather data sampling:      Unknown: Dependent on hypervisor status
Vulnerability Ghostwrite:                Not affected
Vulnerability Indirect target selection: Mitigation; Aligned branch/return thunks
Vulnerability Itlb multihit:             KVM: Mitigation: VMX unsupported
Vulnerability L1tf:                      Mitigation; PTE Inversion
Vulnerability Mds:                       Mitigation; Clear CPU buffers; SMT Host state unknown
Vulnerability Meltdown:                  Mitigation; PTI
Vulnerability Mmio stale data:           Mitigation; Clear CPU buffers; SMT Host state unknown
Vulnerability Old microcode:             Not affected
Vulnerability Reg file data sampling:    Not affected
Vulnerability Retbleed:                  Vulnerable
Vulnerability Spec rstack overflow:      Not affected
Vulnerability Spec store bypass:         Vulnerable
Vulnerability Spectre v1:                Mitigation; usercopy/swapgs barriers and __user pointer sanitization
Vulnerability Spectre v2:                Mitigation; Retpolines; STIBP disabled; RSB filling; PBRSB-eIBRS Not affected; BHI Retpoline
Vulnerability Srbds:                     Unknown: Dependent on hypervisor status
Vulnerability Tsa:                       Not affected
Vulnerability Tsx async abort:           Not affected
Vulnerability Vmscape:                   Not affected
               total        used        free      shared  buff/cache   available
Mem:           2.9Gi       478Mi       1.3Gi       1.3Mi       1.3Gi       2.4Gi
Swap:          2.9Gi          0B       2.9Gi
NAME     SIZE ROTA TYPE
loop0      4K    1 loop
loop1     74M    1 loop
loop2     74M    1 loop
loop3   66.8M    1 loop
loop4  254.9M    1 loop
loop5  251.7M    1 loop
loop6  531.4M    1 loop
loop7  606.1M    1 loop
loop8   91.7M    1 loop
loop9   18.5M    1 loop
loop10   395M    1 loop
loop11  15.5M    1 loop
loop12  10.8M    1 loop
loop13  48.1M    1 loop
loop14  48.4M    1 loop
loop15   576K    1 loop
loop16 227.1M    1 loop
loop17 227.1M    1 loop
sda       25G    1 disk
sr0     1024M    0 rom
model name	: Intel(R) Core(TM) i5-1035G1 CPU @ 1.00GHz
6.17.0-19-generic
[21:44:19] Hypervisor detection:
oracle
VirtualBox
[21:44:19] --- [1/5] CPU: sysbench prime number test ---
[21:45:19] CPU sysbench done.
[21:45:19] --- [2/5] CPU: perf stat (best-effort inside VM) ---
sysbench 1.0.20 (using system LuaJIT 2.1.0-beta3)

Running the test with following options:
Number of threads: 3
Initializing random number generator from current time


Prime numbers limit: 20000

Initializing worker threads...

Threads started!

CPU speed:
    events per second:  2604.90

General statistics:
    total time:                          30.0013s
    total number of events:              78156

Latency (ms):
         min:                                    1.07
         avg:                                    1.15
         max:                                    3.36
         95th percentile:                        1.25
         sum:                                89958.95

Threads fairness:
    events (avg/stddev):           26052.0000/242.91
    execution time (avg/stddev):   29.9863/0.00

[21:45:49] --- [3/5] Memory: sysbench memory ---
[21:45:49] Memory sysbench done.
[21:45:49] --- [4/5] Disk I/O: fio ---
[21:49:56] fio done.
[21:49:56] --- [5/5] Network: iperf3 ---
[21:51:18] iperf3 done.
[21:51:18] --- Bonus: vmstat 30-second tail ---
[21:51:48] === VM BENCHMARK COMPLETE ===
[21:51:48] Results in: /root/virt_study/vm
